Mobile applications/ClaimManagement/claimManagement/build/outputs/logs/manifest-merger-debug-report.txt
-- Merging decision tree log ---
manifest
ADDED from src\main\AndroidManifest.xml:2:1-61:12
	package
		ADDED from src\main\AndroidManifest.xml:3:5-35
		INJECTED from src\main\AndroidManifest.xml
		INJECTED from src\main\AndroidManifest.xml
	android:versionName
		ADDED from src\main\AndroidManifest.xml:6:5-30
		INJECTED from src\main\AndroidManifest.xml
		INJECTED from src\main\AndroidManifest.xml
	xmlns:tools
		ADDED from src\main\AndroidManifest.xml:4:5-51
	android:versionCode
		ADDED from src\main\AndroidManifest.xml:5:5-28
		INJECTED from src\main\AndroidManifest.xml
		INJECTED from src\main\AndroidManifest.xml
	xmlns:android
		ADDED from src\main\AndroidManifest.xml:2:11-69
uses-sdk
ADDED from src\main\AndroidManifest.xml:8:5-72
MERGED from [ClaimManagement:CaptureActivity:unspecified] AndroidManifest.xml:22:5-24:40
MERGED from [ClaimManagement:General:unspecified] AndroidManifest.xml:7:5-9:40
	android:targetSdkVersion
		ADDED from src\main\AndroidManifest.xml:8:41-69
		INJECTED from src\main\AndroidManifest.xml
		INJECTED from src\main\AndroidManifest.xml
	android:minSdkVersion
		ADDED from src\main\AndroidManifest.xml:8:15-40
		INJECTED from src\main\AndroidManifest.xml
		INJECTED from src\main\AndroidManifest.xml
uses-feature#android.hardware.camera
ADDED from src\main\AndroidManifest.xml:10:5-60
MERGED from [ClaimManagement:CaptureActivity:unspecified] AndroidManifest.xml:36:5-60
	android:name
		ADDED from src\main\AndroidManifest.xml:10:19-57
uses-permission#android.permission.INTERNET
ADDED from src\main\AndroidManifest.xml:12:2-63
MERGED from [ClaimManagement:CaptureActivity:unspecified] AndroidManifest.xml:27:5-67
	android:name
		ADDED from src\main\AndroidManifest.xml:12:19-61
uses-permission#android.permission.VIBRATE
ADDED from src\main\AndroidManifest.xml:13:2-62
MERGED from [ClaimManagement:CaptureActivity:unspecified] AndroidManifest.xml:28:5-66
	android:name
		ADDED from src\main\AndroidManifest.xml:13:19-60
uses-permission#android.permission.FLASHLIGHT
ADDED from src\main\AndroidManifest.xml:14:2-65
MERGED from [ClaimManagement:CaptureActivity:unspecified] AndroidManifest.xml:29:5-69
	android:name
		ADDED from src\main\AndroidManifest.xml:14:19-63
uses-permission#android.permission.WRITE_EXTERNAL_STORAGE
ADDED from src\main\AndroidManifest.xml:15:2-77
MERGED from [ClaimManagement:CaptureActivity:unspecified] AndroidManifest.xml:32:5-81
	android:name
		ADDED from src\main\AndroidManifest.xml:15:19-75
uses-permission#android.permission.CHANGE_WIFI_STATE
ADDED from src\main\AndroidManifest.xml:16:2-72
MERGED from [ClaimManagement:CaptureActivity:unspecified] AndroidManifest.xml:33:5-76
	android:name
		ADDED from src\main\AndroidManifest.xml:16:19-70
uses-permission#android.permission.ACCESS_WIFI_STATE
ADDED from src\main\AndroidManifest.xml:17:2-72
MERGED from [ClaimManagement:CaptureActivity:unspecified] AndroidManifest.xml:34:5-76
	android:name
		ADDED from src\main\AndroidManifest.xml:17:19-70
uses-permission#android.permission.CAMERA
ADDED from src\main\AndroidManifest.xml:18:2-61
MERGED from [ClaimManagement:CaptureActivity:unspecified] AndroidManifest.xml:26:5-65
	android:name
		ADDED from src\main\AndroidManifest.xml:18:19-59
uses-permission#android.permission.ACCESS_NETWORK_STATE
ADDED from src\main\AndroidManifest.xml:19:2-76
	android:name
		ADDED from src\main\AndroidManifest.xml:19:19-73
application
ADDED from src\main\AndroidManifest.xml:21:5-58:19
MERGED from [ClaimManagement:CaptureActivity:unspecified] AndroidManifest.xml:58:5-222:19
MERGED from [ClaimManagement:General:unspecified] AndroidManifest.xml:11:5-14:19
	android:label
		ADDED from src\main\AndroidManifest.xml:24:9-41
		REJECTED from [ClaimManagement:CaptureActivity:unspecified] AndroidManifest.xml:60:9-41
		REJECTED from [ClaimManagement:General:unspecified] AndroidManifest.xml:13:9-41
	android:icon
		ADDED from src\main\AndroidManifest.xml:23:9-45
		REJECTED from [ClaimManagement:CaptureActivity:unspecified] AndroidManifest.xml:59:9-47
		REJECTED from [ClaimManagement:General:unspecified] AndroidManifest.xml:12:9-45
	tools:replace
		ADDED from src\main\AndroidManifest.xml:22:9-36
activity#com.exact.imis.claim.ClaimManagementActivity
ADDED from src\main\AndroidManifest.xml:25:9-35:20
	android:screenOrientation
		ADDED from src\main\AndroidManifest.xml:28:13-49
	android:label
		ADDED from src\main\AndroidManifest.xml:27:13-45
	android:configChanges
		ADDED from src\main\AndroidManifest.xml:29:13-63
	android:name
		ADDED from src\main\AndroidManifest.xml:26:13-52
intent-filter#android.intent.action.MAIN+android.intent.category.DEFAULT+android.intent.category.LAUNCHER
ADDED from src\main\AndroidManifest.xml:30:13-34:29
action#android.intent.action.MAIN
ADDED from src\main\AndroidManifest.xml:31:17-69
	android:name
		ADDED from src\main\AndroidManifest.xml:31:25-66
category#android.intent.category.LAUNCHER
ADDED from src\main\AndroidManifest.xml:32:17-77
	android:name
		ADDED from src\main\AndroidManifest.xml:32:27-74
category#android.intent.category.DEFAULT
ADDED from src\main\AndroidManifest.xml:33:17-76
	android:name
		ADDED from src\main\AndroidManifest.xml:33:27-73
activity#com.exact.imis.claim.AddItems
ADDED from src\main\AndroidManifest.xml:38:9-88
	android:label
		ADDED from src\main\AndroidManifest.xml:38:43-75
	android:name
		ADDED from src\main\AndroidManifest.xml:38:19-42
activity#com.exact.imis.claim.AddServices
ADDED from src\main\AndroidManifest.xml:39:9-94
	android:label
		ADDED from src\main\AndroidManifest.xml:39:46-81
	android:name
		ADDED from src\main\AndroidManifest.xml:39:19-45
activity#com.exact.imis.claim.MapItems
ADDED from src\main\AndroidManifest.xml:40:9-88
	android:label
		ADDED from src\main\AndroidManifest.xml:40:43-75
	android:name
		ADDED from src\main\AndroidManifest.xml:40:19-42
activity#com.exact.imis.claim.MapServices
ADDED from src\main\AndroidManifest.xml:41:9-94
	android:label
		ADDED from src\main\AndroidManifest.xml:41:46-81
	android:name
		ADDED from src\main\AndroidManifest.xml:41:19-45
activity#com.exact.imis.claim.Statistics
ADDED from src\main\AndroidManifest.xml:42:9-90
	android:label
		ADDED from src\main\AndroidManifest.xml:42:45-77
	android:name
		ADDED from src\main\AndroidManifest.xml:42:19-44
uses-permission#android.permission.READ_CONTACTS
ADDED from [ClaimManagement:CaptureActivity:unspecified] AndroidManifest.xml:30:5-72
	android:name
		ADDED from [ClaimManagement:CaptureActivity:unspecified] AndroidManifest.xml:30:22-69
uses-permission#com.android.browser.permission.READ_HISTORY_BOOKMARKS
ADDED from [ClaimManagement:CaptureActivity:unspecified] AndroidManifest.xml:31:5-93
	android:name
		ADDED from [ClaimManagement:CaptureActivity:unspecified] AndroidManifest.xml:31:22-90
uses-feature#android.hardware.camera.autofocus
ADDED from [ClaimManagement:CaptureActivity:unspecified] AndroidManifest.xml:37:5-39:36
	android:required
		ADDED from [ClaimManagement:CaptureActivity:unspecified] AndroidManifest.xml:39:9-33
	android:name
		ADDED from [ClaimManagement:CaptureActivity:unspecified] AndroidManifest.xml:38:9-57
uses-feature#android.hardware.camera.flash
ADDED from [ClaimManagement:CaptureActivity:unspecified] AndroidManifest.xml:40:5-42:36
	android:required
		ADDED from [ClaimManagement:CaptureActivity:unspecified] AndroidManifest.xml:42:9-33
	android:name
		ADDED from [ClaimManagement:CaptureActivity:unspecified] AndroidManifest.xml:41:9-53
uses-feature#android.hardware.screen.landscape
ADDED from [ClaimManagement:CaptureActivity:unspecified] AndroidManifest.xml:43:5-70
	android:name
		ADDED from [ClaimManagement:CaptureActivity:unspecified] AndroidManifest.xml:43:19-67
uses-feature#android.hardware.wifi
ADDED from [ClaimManagement:CaptureActivity:unspecified] AndroidManifest.xml:44:5-46:36
	android:required
		ADDED from [ClaimManagement:CaptureActivity:unspecified] AndroidManifest.xml:46:9-33
	android:name
		ADDED from [ClaimManagement:CaptureActivity:unspecified] AndroidManifest.xml:45:9-45
uses-feature#android.hardware.touchscreen
ADDED from [ClaimManagement:CaptureActivity:unspecified] AndroidManifest.xml:47:5-49:36
	android:required
		ADDED from [ClaimManagement:CaptureActivity:unspecified] AndroidManifest.xml:49:9-33
	android:name
		ADDED from [ClaimManagement:CaptureActivity:unspecified] AndroidManifest.xml:48:9-52
supports-screens
ADDED from [ClaimManagement:CaptureActivity:unspecified] AndroidManifest.xml:52:5-56:39
	android:largeScreens
		ADDED from [ClaimManagement:CaptureActivity:unspecified] AndroidManifest.xml:54:9-36
	android:smallScreens
		ADDED from [ClaimManagement:CaptureActivity:unspecified] AndroidManifest.xml:56:9-36
	android:normalScreens
		ADDED from [ClaimManagement:CaptureActivity:unspecified] AndroidManifest.xml:55:9-37
	android:anyDensity
		ADDED from [ClaimManagement:CaptureActivity:unspecified] AndroidManifest.xml:53:9-34
activity#com.google.zxing.client.android.CaptureActivity
ADDED from [ClaimManagement:CaptureActivity:unspecified] AndroidManifest.xml:61:9-126:20
	android:clearTaskOnLaunch
		ADDED from [ClaimManagement:CaptureActivity:unspecified] AndroidManifest.xml:63:13-45
	android:screenOrientation
		ADDED from [ClaimManagement:CaptureActivity:unspecified] AndroidManifest.xml:65:13-50
	android:stateNotNeeded
		ADDED from [ClaimManagement:CaptureActivity:unspecified] AndroidManifest.xml:66:13-42
	android:windowSoftInputMode
		ADDED from [ClaimManagement:CaptureActivity:unspecified] AndroidManifest.xml:68:13-60
	android:configChanges
		ADDED from [ClaimManagement:CaptureActivity:unspecified] AndroidManifest.xml:64:13-63
	android:theme
		ADDED from [ClaimManagement:CaptureActivity:unspecified] AndroidManifest.xml:67:13-71
	android:name
		ADDED from [ClaimManagement:CaptureActivity:unspecified] AndroidManifest.xml:62:13-75
intent-filter#android.intent.action.MAIN
ADDED from [ClaimManagement:CaptureActivity:unspecified] AndroidManifest.xml:69:13-72:29
intent-filter#android.intent.category.DEFAULT+com.google.zxing.client.android.SCAN
ADDED from [ClaimManagement:CaptureActivity:unspecified] AndroidManifest.xml:73:13-77:29
action#com.google.zxing.client.android.SCAN
ADDED from [ClaimManagement:CaptureActivity:unspecified] AndroidManifest.xml:74:17-79
	android:name
		ADDED from [ClaimManagement:CaptureActivity:unspecified] AndroidManifest.xml:74:25-76
intent-filter#android.intent.action.VIEW+android.intent.category.BROWSABLE+android.intent.category.DEFAULT
ADDED from [ClaimManagement:CaptureActivity:unspecified] AndroidManifest.xml:79:13-89:29
action#android.intent.action.VIEW
ADDED from [ClaimManagement:CaptureActivity:unspecified] AndroidManifest.xml:80:17-69
	android:name
		ADDED from [ClaimManagement:CaptureActivity:unspecified] AndroidManifest.xml:80:25-66
category#android.intent.category.BROWSABLE
ADDED from [ClaimManagement:CaptureActivity:unspecified] AndroidManifest.xml:83:17-78
	android:name
		ADDED from [ClaimManagement:CaptureActivity:unspecified] AndroidManifest.xml:83:27-75
data
ADDED from [ClaimManagement:CaptureActivity:unspecified] AndroidManifest.xml:85:17-88:45
	android:path
		ADDED from [ClaimManagement:CaptureActivity:unspecified] AndroidManifest.xml:87:21-41
	android:host
		ADDED from [ClaimManagement:CaptureActivity:unspecified] AndroidManifest.xml:86:21-53
	android:scheme
		ADDED from [ClaimManagement:CaptureActivity:unspecified] AndroidManifest.xml:88:21-42
activity#com.google.zxing.client.android.PreferencesActivity
ADDED from [ClaimManagement:CaptureActivity:unspecified] AndroidManifest.xml:127:9-131:20
	android:label
		ADDED from [ClaimManagement:CaptureActivity:unspecified] AndroidManifest.xml:129:13-53
	android:stateNotNeeded
		ADDED from [ClaimManagement:CaptureActivity:unspecified] AndroidManifest.xml:130:13-42
	android:name
		ADDED from [ClaimManagement:CaptureActivity:unspecified] AndroidManifest.xml:128:13-79
activity#com.google.zxing.client.android.encode.EncodeActivity
ADDED from [ClaimManagement:CaptureActivity:unspecified] AndroidManifest.xml:132:9-157:20
	android:label
		ADDED from [ClaimManagement:CaptureActivity:unspecified] AndroidManifest.xml:134:13-47
	android:stateNotNeeded
		ADDED from [ClaimManagement:CaptureActivity:unspecified] AndroidManifest.xml:135:13-42
	android:name
		ADDED from [ClaimManagement:CaptureActivity:unspecified] AndroidManifest.xml:133:13-81
intent-filter#android.intent.category.DEFAULT+com.google.zxing.client.android.ENCODE
ADDED from [ClaimManagement:CaptureActivity:unspecified] AndroidManifest.xml:136:13-140:29
action#com.google.zxing.client.android.ENCODE
ADDED from [ClaimManagement:CaptureActivity:unspecified] AndroidManifest.xml:137:17-81
	android:name
		ADDED from [ClaimManagement:CaptureActivity:unspecified] AndroidManifest.xml:137:25-78
intent-filter#android.intent.action.SEND+android.intent.category.DEFAULT
ADDED from [ClaimManagement:CaptureActivity:unspecified] AndroidManifest.xml:142:13-148:29
action#android.intent.action.SEND
ADDED from [ClaimManagement:CaptureActivity:unspecified] AndroidManifest.xml:143:17-69
	android:name
		ADDED from [ClaimManagement:CaptureActivity:unspecified] AndroidManifest.xml:143:25-66
activity#com.google.zxing.client.android.book.SearchBookContentsActivity
ADDED from [ClaimManagement:CaptureActivity:unspecified] AndroidManifest.xml:158:9-169:20
	android:screenOrientation
		ADDED from [ClaimManagement:CaptureActivity:unspecified] AndroidManifest.xml:162:13-50
	android:label
		ADDED from [ClaimManagement:CaptureActivity:unspecified] AndroidManifest.xml:161:13-45
	android:stateNotNeeded
		ADDED from [ClaimManagement:CaptureActivity:unspecified] AndroidManifest.xml:163:13-42
	android:configChanges
		ADDED from [ClaimManagement:CaptureActivity:unspecified] AndroidManifest.xml:160:13-63
	android:name
		ADDED from [ClaimManagement:CaptureActivity:unspecified] AndroidManifest.xml:159:13-91
intent-filter#android.intent.category.DEFAULT+com.google.zxing.client.android.SEARCH_BOOK_CONTENTS
ADDED from [ClaimManagement:CaptureActivity:unspecified] AndroidManifest.xml:164:13-168:29
action#com.google.zxing.client.android.SEARCH_BOOK_CONTENTS
ADDED from [ClaimManagement:CaptureActivity:unspecified] AndroidManifest.xml:165:17-95
	android:name
		ADDED from [ClaimManagement:CaptureActivity:unspecified] AndroidManifest.xml:165:25-92
activity#com.google.zxing.client.android.share.ShareActivity
ADDED from [ClaimManagement:CaptureActivity:unspecified] AndroidManifest.xml:170:9-181:20
	android:screenOrientation
		ADDED from [ClaimManagement:CaptureActivity:unspecified] AndroidManifest.xml:173:13-45
	android:label
		ADDED from [ClaimManagement:CaptureActivity:unspecified] AndroidManifest.xml:172:13-47
	android:stateNotNeeded
		ADDED from [ClaimManagement:CaptureActivity:unspecified] AndroidManifest.xml:174:13-42
	android:theme
		ADDED from [ClaimManagement:CaptureActivity:unspecified] AndroidManifest.xml:175:13-55
	android:name
		ADDED from [ClaimManagement:CaptureActivity:unspecified] AndroidManifest.xml:171:13-79
intent-filter#android.intent.category.DEFAULT+com.google.zxing.client.android.SHARE
ADDED from [ClaimManagement:CaptureActivity:unspecified] AndroidManifest.xml:176:13-180:29
action#com.google.zxing.client.android.SHARE
ADDED from [ClaimManagement:CaptureActivity:unspecified] AndroidManifest.xml:177:17-80
	android:name
		ADDED from [ClaimManagement:CaptureActivity:unspecified] AndroidManifest.xml:177:25-77
activity#com.google.zxing.client.android.history.HistoryActivity
ADDED from [ClaimManagement:CaptureActivity:unspecified] AndroidManifest.xml:182:9-191:20
	android:label
		ADDED from [ClaimManagement:CaptureActivity:unspecified] AndroidManifest.xml:184:13-50
	android:stateNotNeeded
		ADDED from [ClaimManagement:CaptureActivity:unspecified] AndroidManifest.xml:185:13-42
	android:name
		ADDED from [ClaimManagement:CaptureActivity:unspecified] AndroidManifest.xml:183:13-83
intent-filter#android.intent.action.VIEW+android.intent.category.DEFAULT
ADDED from [ClaimManagement:CaptureActivity:unspecified] AndroidManifest.xml:186:13-190:29
activity#com.google.zxing.client.android.share.BookmarkPickerActivity
ADDED from [ClaimManagement:CaptureActivity:unspecified] AndroidManifest.xml:192:9-201:20
	android:label
		ADDED from [ClaimManagement:CaptureActivity:unspecified] AndroidManifest.xml:194:13-57
	android:stateNotNeeded
		ADDED from [ClaimManagement:CaptureActivity:unspecified] AndroidManifest.xml:195:13-42
	android:name
		ADDED from [ClaimManagement:CaptureActivity:unspecified] AndroidManifest.xml:193:13-88
intent-filter#android.intent.action.PICK+android.intent.category.DEFAULT
ADDED from [ClaimManagement:CaptureActivity:unspecified] AndroidManifest.xml:196:13-200:29
action#android.intent.action.PICK
ADDED from [ClaimManagement:CaptureActivity:unspecified] AndroidManifest.xml:197:17-69
	android:name
		ADDED from [ClaimManagement:CaptureActivity:unspecified] AndroidManifest.xml:197:25-66
activity#com.google.zxing.client.android.share.AppPickerActivity
ADDED from [ClaimManagement:CaptureActivity:unspecified] AndroidManifest.xml:202:9-212:20
	android:label
		ADDED from [ClaimManagement:CaptureActivity:unspecified] AndroidManifest.xml:205:13-52
	android:stateNotNeeded
		ADDED from [ClaimManagement:CaptureActivity:unspecified] AndroidManifest.xml:206:13-42
	android:configChanges
		ADDED from [ClaimManagement:CaptureActivity:unspecified] AndroidManifest.xml:204:13-48
	android:name
		ADDED from [ClaimManagement:CaptureActivity:unspecified] AndroidManifest.xml:203:13-83
activity#com.google.zxing.client.android.HelpActivity
ADDED from [ClaimManagement:CaptureActivity:unspecified] AndroidManifest.xml:213:9-221:20
	android:screenOrientation
		ADDED from [ClaimManagement:CaptureActivity:unspecified] AndroidManifest.xml:215:13-45
	android:name
		ADDED from [ClaimManagement:CaptureActivity:unspecified] AndroidManifest.xml:214:13-72